2014-07-23 17:33:17.142 control-my-budget-ui[26978:70b] Multi-tasking -> Device: YES, App: YES
2014-07-23 17:33:17.163 control-my-budget-ui[26978:70b] Unlimited access to network resources
2014-07-23 17:33:17.205 control-my-budget-ui[26978:70b] [CDVTimer][keyboard] 0.060976ms
2014-07-23 17:33:17.205 control-my-budget-ui[26978:70b] CDVPlugin class CDVStatusBar (pluginName: statusbar) does not exist.
2014-07-23 17:33:17.206 control-my-budget-ui[26978:70b] [CDVTimer][statusbar] 0.414014ms
2014-07-23 17:33:17.206 control-my-budget-ui[26978:70b] [CDVTimer][TotalPluginStartup] 1.290023ms
2014-07-23 17:33:17.297 control-my-budget-ui[26978:70b] Resetting plugins due to page load.
2014-07-23 17:33:17.524 control-my-budget-ui[26978:70b] Finished load of: file:///Users/shina/Library/Application%20Support/iPhone%20Simulator/7.1/Applications/B3F96F0B-665E-49C8-8EC6-5A1DB558004C/control-my-budget-ui.app/www/index.html#/app/my-daily-budget/monthly-goals
2014-07-23 19:58:22.003 control-my-budget-ui[27560:70b] Multi-tasking -> Device: YES, App: YES
2014-07-23 19:58:22.044 control-my-budget-ui[27560:70b] Unlimited access to network resources
2014-07-23 19:58:22.127 control-my-budget-ui[27560:70b] [CDVTimer][keyboard] 0.081003ms
2014-07-23 19:58:22.127 control-my-budget-ui[27560:70b] CDVPlugin class CDVStatusBar (pluginName: statusbar) does not exist.
2014-07-23 19:58:22.128 control-my-budget-ui[27560:70b] [CDVTimer][statusbar] 0.442982ms
2014-07-23 19:58:22.128 control-my-budget-ui[27560:70b] [CDVTimer][TotalPluginStartup] 1.452982ms
2014-07-23 19:58:22.265 control-my-budget-ui[27560:70b] Resetting plugins due to page load.
2014-07-23 19:58:22.424 control-my-budget-ui[27560:70b] Finished load of: file:///Users/shina/Library/Application%20Support/iPhone%20Simulator/7.1/Applications/B3F96F0B-665E-49C8-8EC6-5A1DB558004C/control-my-budget-ui.app/www/index.html#/app/my-daily-budget/monthly-goals
2014-07-23 19:59:28.167 control-my-budget-ui[27737:70b] Multi-tasking -> Device: YES, App: YES
2014-07-23 19:59:28.173 control-my-budget-ui[27737:70b] Unlimited access to network resources
2014-07-23 19:59:28.189 control-my-budget-ui[27737:70b] [CDVTimer][keyboard] 0.056028ms
2014-07-23 19:59:28.190 control-my-budget-ui[27737:70b] CDVPlugin class CDVStatusBar (pluginName: statusbar) does not exist.
2014-07-23 19:59:28.190 control-my-budget-ui[27737:70b] [CDVTimer][statusbar] 0.384986ms
2014-07-23 19:59:28.191 control-my-budget-ui[27737:70b] [CDVTimer][TotalPluginStartup] 1.333952ms
2014-07-23 19:59:28.223 control-my-budget-ui[27737:70b] Resetting plugins due to page load.
2014-07-23 19:59:28.325 control-my-budget-ui[27737:70b] Finished load of: file:///Users/shina/Library/Application%20Support/iPhone%20Simulator/7.1/Applications/B3F96F0B-665E-49C8-8EC6-5A1DB558004C/control-my-budget-ui.app/www/index.html#/app/my-daily-budget/monthly-goals
2014-07-23 20:19:27.093 control-my-budget-ui[28142:70b] Multi-tasking -> Device: YES, App: YES
2014-07-23 20:19:27.106 control-my-budget-ui[28142:70b] Unlimited access to network resources
2014-07-23 20:19:27.133 control-my-budget-ui[28142:70b] [CDVTimer][keyboard] 0.087976ms
2014-07-23 20:19:27.133 control-my-budget-ui[28142:70b] CDVPlugin class CDVStatusBar (pluginName: statusbar) does not exist.
2014-07-23 20:19:27.134 control-my-budget-ui[28142:70b] [CDVTimer][statusbar] 0.777006ms
2014-07-23 20:19:27.135 control-my-budget-ui[28142:70b] [CDVTimer][TotalPluginStartup] 2.236009ms
2014-07-23 20:19:27.250 control-my-budget-ui[28142:70b] Resetting plugins due to page load.
2014-07-23 20:19:27.378 control-my-budget-ui[28142:70b] Finished load of: file:///Users/shina/Library/Application%20Support/iPhone%20Simulator/7.1/Applications/B3F96F0B-665E-49C8-8EC6-5A1DB558004C/control-my-budget-ui.app/www/index.html#/app/my-daily-budget/monthly-goals
2014-07-24 11:59:59.733 control-my-budget-ui[31052:70b] Multi-tasking -> Device: YES, App: YES
2014-07-24 11:59:59.774 control-my-budget-ui[31052:70b] Unlimited access to network resources
2014-07-24 12:00:00.890 control-my-budget-ui[31052:70b] [CDVTimer][keyboard] 0.101984ms
2014-07-24 12:00:00.891 control-my-budget-ui[31052:70b] CDVPlugin class CDVStatusBar (pluginName: statusbar) does not exist.
2014-07-24 12:00:00.892 control-my-budget-ui[31052:70b] [CDVTimer][statusbar] 0.796020ms
2014-07-24 12:00:00.892 control-my-budget-ui[31052:70b] [CDVTimer][TotalPluginStartup] 2.344012ms
2014-07-24 12:00:01.140 control-my-budget-ui[31052:70b] Resetting plugins due to page load.
2014-07-24 12:00:01.611 control-my-budget-ui[31052:70b] Finished load of: file:///Users/shina/Library/Application%20Support/iPhone%20Simulator/7.1/Applications/B3F96F0B-665E-49C8-8EC6-5A1DB558004C/control-my-budget-ui.app/www/index.html#/app/my-daily-budget/monthly-goals
Terminating in response to SpringBoard's termination.
2014-07-24 18:20:43.336 control-my-budget-ui[33100:70b] Multi-tasking -> Device: YES, App: YES
2014-07-24 18:20:43.376 control-my-budget-ui[33100:70b] Unlimited access to network resources
2014-07-24 18:20:44.357 control-my-budget-ui[33100:70b] [CDVTimer][keyboard] 0.095010ms
2014-07-24 18:20:44.358 control-my-budget-ui[33100:70b] CDVPlugin class CDVStatusBar (pluginName: statusbar) does not exist.
2014-07-24 18:20:44.358 control-my-budget-ui[33100:70b] [CDVTimer][statusbar] 0.528991ms
2014-07-24 18:20:44.359 control-my-budget-ui[33100:70b] [CDVTimer][TotalPluginStartup] 1.779974ms
2014-07-24 18:20:45.343 control-my-budget-ui[33100:70b] Resetting plugins due to page load.
2014-07-24 18:20:45.797 control-my-budget-ui[33100:70b] Finished load of: file:///Users/shina/Library/Application%20Support/iPhone%20Simulator/7.1/Applications/B3F96F0B-665E-49C8-8EC6-5A1DB558004C/control-my-budget-ui.app/www/index.html#/app/my-daily-budget/monthly-goals
Terminating in response to SpringBoard's termination.
2014-07-25 16:41:20.006 control-my-budget-ui[35052:70b] Multi-tasking -> Device: YES, App: YES
2014-07-25 16:41:20.058 control-my-budget-ui[35052:70b] Unlimited access to network resources
2014-07-25 16:41:21.021 control-my-budget-ui[35052:70b] [CDVTimer][keyboard] 0.136018ms
2014-07-25 16:41:21.021 control-my-budget-ui[35052:70b] CDVPlugin class CDVStatusBar (pluginName: statusbar) does not exist.
2014-07-25 16:41:21.022 control-my-budget-ui[35052:70b] [CDVTimer][statusbar] 0.364006ms
2014-07-25 16:41:21.022 control-my-budget-ui[35052:70b] [CDVTimer][TotalPluginStartup] 1.482010ms
2014-07-25 16:41:21.190 control-my-budget-ui[35052:70b] Resetting plugins due to page load.
2014-07-25 16:41:21.631 control-my-budget-ui[35052:70b] Finished load of: file:///Users/shina/Library/Application%20Support/iPhone%20Simulator/7.1/Applications/B3F96F0B-665E-49C8-8EC6-5A1DB558004C/control-my-budget-ui.app/www/index.html#/app/my-daily-budget/monthly-goals
Terminating in response to SpringBoard's termination.
2014-07-25 16:55:27.615 control-my-budget-ui[35309:70b] Multi-tasking -> Device: YES, App: YES
2014-07-25 16:55:27.623 control-my-budget-ui[35309:70b] Unlimited access to network resources
2014-07-25 16:55:27.695 control-my-budget-ui[35309:70b] [CDVTimer][keyboard] 0.058055ms
2014-07-25 16:55:27.696 control-my-budget-ui[35309:70b] CDVPlugin class CDVStatusBar (pluginName: statusbar) does not exist.
2014-07-25 16:55:27.696 control-my-budget-ui[35309:70b] [CDVTimer][statusbar] 0.379980ms
2014-07-25 16:55:27.696 control-my-budget-ui[35309:70b] [CDVTimer][TotalPluginStartup] 1.304984ms
2014-07-25 16:55:27.840 control-my-budget-ui[35309:70b] Resetting plugins due to page load.
2014-07-25 16:55:27.996 control-my-budget-ui[35309:70b] Finished load of: file:///Users/shina/Library/Application%20Support/iPhone%20Simulator/7.1/Applications/B3F96F0B-665E-49C8-8EC6-5A1DB558004C/control-my-budget-ui.app/www/index.html#/app/my-daily-budget/monthly-goals
2014-07-25 16:56:03.768 control-my-budget-ui[35485:70b] Multi-tasking -> Device: YES, App: YES
2014-07-25 16:56:03.775 control-my-budget-ui[35485:70b] Unlimited access to network resources
2014-07-25 16:56:03.877 control-my-budget-ui[35485:70b] [CDVTimer][keyboard] 0.063002ms
2014-07-25 16:56:03.877 control-my-budget-ui[35485:70b] CDVPlugin class CDVStatusBar (pluginName: statusbar) does not exist.
2014-07-25 16:56:03.877 control-my-budget-ui[35485:70b] [CDVTimer][statusbar] 0.364006ms
2014-07-25 16:56:03.878 control-my-budget-ui[35485:70b] [CDVTimer][TotalPluginStartup] 1.233995ms
2014-07-25 16:56:03.912 control-my-budget-ui[35485:70b] Resetting plugins due to page load.
2014-07-25 16:56:04.011 control-my-budget-ui[35485:70b] Finished load of: file:///Users/shina/Library/Application%20Support/iPhone%20Simulator/7.1/Applications/B3F96F0B-665E-49C8-8EC6-5A1DB558004C/control-my-budget-ui.app/www/index.html#/app/my-daily-budget/monthly-goals
2014-07-25 16:57:37.005 control-my-budget-ui[35697:70b] Multi-tasking -> Device: YES, App: YES
2014-07-25 16:57:37.011 control-my-budget-ui[35697:70b] Unlimited access to network resources
2014-07-25 16:57:37.026 control-my-budget-ui[35697:70b] [CDVTimer][keyboard] 0.053048ms
2014-07-25 16:57:37.026 control-my-budget-ui[35697:70b] CDVPlugin class CDVStatusBar (pluginName: statusbar) does not exist.
2014-07-25 16:57:37.027 control-my-budget-ui[35697:70b] [CDVTimer][statusbar] 0.396013ms
2014-07-25 16:57:37.027 control-my-budget-ui[35697:70b] [CDVTimer][TotalPluginStartup] 1.308024ms
2014-07-25 16:57:37.130 control-my-budget-ui[35697:70b] Resetting plugins due to page load.
2014-07-25 16:57:37.331 control-my-budget-ui[35697:70b] Finished load of: file:///Users/shina/Library/Application%20Support/iPhone%20Simulator/7.1/Applications/B3F96F0B-665E-49C8-8EC6-5A1DB558004C/control-my-budget-ui.app/www/index.html#/app/my-daily-budget/monthly-goals
2014-07-28 22:24:59.216 control-my-budget-ui[39997:70b] Multi-tasking -> Device: YES, App: YES
2014-07-28 22:24:59.842 control-my-budget-ui[39997:70b] Unlimited access to network resources
2014-07-28 22:25:00.833 control-my-budget-ui[39997:70b] [CDVTimer][keyboard] 0.138044ms
2014-07-28 22:25:00.834 control-my-budget-ui[39997:70b] CDVPlugin class CDVStatusBar (pluginName: statusbar) does not exist.
2014-07-28 22:25:00.835 control-my-budget-ui[39997:70b] [CDVTimer][statusbar] 0.725985ms
2014-07-28 22:25:00.836 control-my-budget-ui[39997:70b] [CDVTimer][TotalPluginStartup] 2.559960ms
2014-07-28 22:25:01.090 control-my-budget-ui[39997:70b] Resetting plugins due to page load.
2014-07-28 22:25:01.629 control-my-budget-ui[39997:70b] Finished load of: file:///Users/shina/Library/Application%20Support/iPhone%20Simulator/7.1/Applications/B3F96F0B-665E-49C8-8EC6-5A1DB558004C/control-my-budget-ui.app/www/index.html#/app/my-daily-budget/monthly-goals
2014-07-28 22:29:05.215 control-my-budget-ui[39997:70b] Received memory warning.
2014-07-30 09:16:57.494 control-my-budget-ui[43136:70b] Multi-tasking -> Device: YES, App: YES
2014-07-30 09:16:57.663 control-my-budget-ui[43136:70b] Unlimited access to network resources
2014-07-30 09:16:58.813 control-my-budget-ui[43136:70b] [CDVTimer][keyboard] 0.065029ms
2014-07-30 09:16:58.814 control-my-budget-ui[43136:70b] CDVPlugin class CDVStatusBar (pluginName: statusbar) does not exist.
2014-07-30 09:16:58.814 control-my-budget-ui[43136:70b] [CDVTimer][statusbar] 0.395000ms
2014-07-30 09:16:58.815 control-my-budget-ui[43136:70b] [CDVTimer][TotalPluginStartup] 1.251996ms
2014-07-30 09:16:59.044 control-my-budget-ui[43136:70b] Resetting plugins due to page load.
2014-07-30 09:16:59.619 control-my-budget-ui[43136:70b] Finished load of: file:///Users/shina/Library/Application%20Support/iPhone%20Simulator/7.1/Applications/B3F96F0B-665E-49C8-8EC6-5A1DB558004C/control-my-budget-ui.app/www/index.html#/app/my-daily-budget/monthly-goals
2014-07-30 19:21:34.957 control-my-budget-ui[46313:70b] Multi-tasking -> Device: YES, App: YES
2014-07-30 19:21:34.980 control-my-budget-ui[46313:70b] Unlimited access to network resources
2014-07-30 19:21:35.065 control-my-budget-ui[46313:70b] [CDVTimer][keyboard] 0.081956ms
2014-07-30 19:21:35.066 control-my-budget-ui[46313:70b] CDVPlugin class CDVStatusBar (pluginName: statusbar) does not exist.
2014-07-30 19:21:35.067 control-my-budget-ui[46313:70b] [CDVTimer][statusbar] 0.599027ms
2014-07-30 19:21:35.067 control-my-budget-ui[46313:70b] [CDVTimer][TotalPluginStartup] 1.910031ms
2014-07-30 19:21:35.154 control-my-budget-ui[46313:70b] Resetting plugins due to page load.
2014-07-30 19:21:35.338 control-my-budget-ui[46313:70b] Finished load of: file:///Users/shina/Library/Application%20Support/iPhone%20Simulator/7.1/Applications/B3F96F0B-665E-49C8-8EC6-5A1DB558004C/control-my-budget-ui.app/www/index.html#/app/my-daily-budget/monthly-goals
2014-07-30 20:00:24.237 control-my-budget-ui[47679:70b] Multi-tasking -> Device: YES, App: YES
2014-07-30 20:00:24.248 control-my-budget-ui[47679:70b] Unlimited access to network resources
2014-07-30 20:00:24.268 control-my-budget-ui[47679:70b] [CDVTimer][keyboard] 0.054955ms
2014-07-30 20:00:24.268 control-my-budget-ui[47679:70b] CDVPlugin class CDVStatusBar (pluginName: statusbar) does not exist.
2014-07-30 20:00:24.268 control-my-budget-ui[47679:70b] [CDVTimer][statusbar] 0.443995ms
2014-07-30 20:00:24.269 control-my-budget-ui[47679:70b] [CDVTimer][TotalPluginStartup] 1.434028ms
2014-07-30 20:00:24.347 control-my-budget-ui[47679:70b] Resetting plugins due to page load.
2014-07-30 20:00:24.542 control-my-budget-ui[47679:70b] Finished load of: file:///Users/shina/Library/Application%20Support/iPhone%20Simulator/7.1/Applications/B3F96F0B-665E-49C8-8EC6-5A1DB558004C/control-my-budget-ui.app/www/index.html#/app/my-daily-budget/monthly-goals
2014-07-30 22:46:40.174 control-my-budget-ui[48792:70b] Multi-tasking -> Device: YES, App: YES
2014-07-30 22:46:40.185 control-my-budget-ui[48792:70b] Unlimited access to network resources
2014-07-30 22:46:40.202 control-my-budget-ui[48792:70b] [CDVTimer][keyboard] 0.056982ms
2014-07-30 22:46:40.203 control-my-budget-ui[48792:70b] CDVPlugin class CDVStatusBar (pluginName: statusbar) does not exist.
2014-07-30 22:46:40.203 control-my-budget-ui[48792:70b] [CDVTimer][statusbar] 0.361979ms
2014-07-30 22:46:40.203 control-my-budget-ui[48792:70b] [CDVTimer][TotalPluginStartup] 1.249015ms
2014-07-30 22:46:40.306 control-my-budget-ui[48792:70b] Resetting plugins due to page load.
2014-07-30 22:46:40.508 control-my-budget-ui[48792:70b] Finished load of: file:///Users/shina/Library/Application%20Support/iPhone%20Simulator/7.1/Applications/B3F96F0B-665E-49C8-8EC6-5A1DB558004C/control-my-budget-ui.app/www/index.html#/app/my-daily-budget/monthly-goals
